c:\users\letsd\visual studio workspace\easyengine-ag2d\debug\easyengine-ag2d.pdb
c:\users\letsd\visual studio workspace\easyengine-ag2d\debug\easyengine-ag2d.idb
c:\users\letsd\visual studio workspace\easyengine-ag2d\easyengine-ag2d\debug\winmain.obj
c:\users\letsd\visual studio workspace\easyengine-ag2d\easyengine-ag2d\debug\vector3.obj
c:\users\letsd\visual studio workspace\easyengine-ag2d\easyengine-ag2d\debug\timer.obj
c:\users\letsd\visual studio workspace\easyengine-ag2d\easyengine-ag2d\debug\texture.obj
c:\users\letsd\visual studio workspace\easyengine-ag2d\easyengine-ag2d\debug\sprite.obj
c:\users\letsd\visual studio workspace\easyengine-ag2d\easyengine-ag2d\debug\script.obj
c:\users\letsd\visual studio workspace\easyengine-ag2d\easyengine-ag2d\debug\rect.obj
c:\users\letsd\visual studio workspace\easyengine-ag2d\easyengine-ag2d\debug\particleemitter.obj
c:\users\letsd\visual studio workspace\easyengine-ag2d\easyengine-ag2d\debug\mesh.obj
c:\users\letsd\visual studio workspace\easyengine-ag2d\easyengine-ag2d\debug\math.obj
c:\users\letsd\visual studio workspace\easyengine-ag2d\easyengine-ag2d\debug\light.obj
c:\users\letsd\visual studio workspace\easyengine-ag2d\easyengine-ag2d\debug\input.obj
c:\users\letsd\visual studio workspace\easyengine-ag2d\easyengine-ag2d\debug\font.obj
c:\users\letsd\visual studio workspace\easyengine-ag2d\easyengine-ag2d\debug\entity.obj
c:\users\letsd\visual studio workspace\easyengine-ag2d\easyengine-ag2d\debug\easyengineag2d.obj
c:\users\letsd\visual studio workspace\easyengine-ag2d\easyengine-ag2d\debug\console.obj
c:\users\letsd\visual studio workspace\easyengine-ag2d\easyengine-ag2d\debug\camera.obj
c:\users\letsd\visual studio workspace\easyengine-ag2d\easyengine-ag2d\debug\audio.obj
c:\users\letsd\visual studio workspace\easyengine-ag2d\lib\debug\easyengineag2d.lib
c:\users\letsd\visual studio workspace\easyengine-ag2d\easyengine-ag2d\debug\easyengine-ag2d.tlog\cl.command.1.tlog
c:\users\letsd\visual studio workspace\easyengine-ag2d\easyengine-ag2d\debug\easyengine-ag2d.tlog\cl.items.tlog
c:\users\letsd\visual studio workspace\easyengine-ag2d\easyengine-ag2d\debug\easyengine-ag2d.tlog\cl.read.1.tlog
c:\users\letsd\visual studio workspace\easyengine-ag2d\easyengine-ag2d\debug\easyengine-ag2d.tlog\cl.write.1.tlog
c:\users\letsd\visual studio workspace\easyengine-ag2d\easyengine-ag2d\debug\easyengine-ag2d.tlog\lib-link.read.1.tlog
c:\users\letsd\visual studio workspace\easyengine-ag2d\easyengine-ag2d\debug\easyengine-ag2d.tlog\lib-link.write.1.tlog
c:\users\letsd\visual studio workspace\easyengine-ag2d\easyengine-ag2d\debug\easyengine-ag2d.tlog\lib.command.1.tlog
